<?xml version="1.0" encoding="UTF-8"?>
<coverage generated="1705387771432" clover="3.2.0">
  <project timestamp="1705387771432" name="All files">
    <metrics statements="50" coveredstatements="49" conditionals="18" coveredconditionals="17" methods="10" coveredmethods="10" elements="78" coveredelements="76" complexity="0" loc="50" ncloc="50" packages="1" files="1" classes="1"/>
    <file name="questions.js" path="/Users/anickalewis/Pursuit/Lesson-Notes/module-5/mockTechInterviews/questions.js">
      <metrics statements="50" coveredstatements="49" conditionals="18" coveredconditionals="17" methods="10" coveredmethods="10"/>
      <line num="43" count="1" type="stmt"/>
      <line num="44" count="1" type="cond" truecount="1" falsecount="1"/>
      <line num="45" count="0" type="stmt"/>
      <line num="47" count="1" type="stmt"/>
      <line num="54" count="1" type="stmt"/>
      <line num="55" count="9" type="cond" truecount="2" falsecount="0"/>
      <line num="56" count="5" type="stmt"/>
      <line num="58" count="4" type="stmt"/>
      <line num="60" count="1" type="stmt"/>
      <line num="66" count="1" type="stmt"/>
      <line num="67" count="3" type="stmt"/>
      <line num="78" count="1" type="stmt"/>
      <line num="79" count="1" type="stmt"/>
      <line num="80" count="1" type="stmt"/>
      <line num="86" count="1" type="stmt"/>
      <line num="95" count="6" type="stmt"/>
      <line num="97" count="6" type="stmt"/>
      <line num="99" count="73" type="cond" truecount="8" falsecount="0"/>
      <line num="100" count="57" type="stmt"/>
      <line num="103" count="6" type="stmt"/>
      <line num="104" count="6" type="stmt"/>
      <line num="108" count="1" type="stmt"/>
      <line num="109" count="1" type="stmt"/>
      <line num="130" count="1" type="stmt"/>
      <line num="136" count="2" type="stmt"/>
      <line num="137" count="3" type="stmt"/>
      <line num="138" count="3" type="stmt"/>
      <line num="140" count="3" type="stmt"/>
      <line num="141" count="3" type="stmt"/>
      <line num="149" count="1" type="stmt"/>
      <line num="155" count="1" type="stmt"/>
      <line num="156" count="3" type="cond" truecount="2" falsecount="0"/>
      <line num="157" count="2" type="stmt"/>
      <line num="159" count="1" type="stmt"/>
      <line num="161" count="1" type="stmt"/>
      <line num="166" count="1" type="stmt"/>
      <line num="176" count="1" type="stmt"/>
      <line num="177" count="7" type="cond" truecount="2" falsecount="0"/>
      <line num="178" count="7" type="stmt"/>
      <line num="180" count="1" type="stmt"/>
      <line num="182" count="1" type="stmt"/>
      <line num="194" count="1" type="stmt"/>
      <line num="195" count="3" type="stmt"/>
      <line num="196" count="3" type="stmt"/>
      <line num="197" count="3" type="cond" truecount="2" falsecount="0"/>
      <line num="198" count="1" type="stmt"/>
      <line num="200" count="2" type="stmt"/>
      <line num="203" count="3" type="stmt"/>
      <line num="206" count="1" type="stmt"/>
      <line num="207" count="1" type="stmt"/>
    </file>
  </project>
</coverage>
