{"/Users/anickalewis/Pursuit/Lesson-Notes/module-5/mockTechInterviews/questions.js": {"path":"/Users/anickalewis/Pursuit/Lesson-Notes/module-5/mockTechInterviews/questions.js","statementMap":{"0":{"start":{"line":43,"column":22},"end":{"line":48,"column":1}},"1":{"start":{"line":44,"column":2},"end":{"line":46,"column":3}},"2":{"start":{"line":45,"column":4},"end":{"line":45,"column":14}},"3":{"start":{"line":47,"column":2},"end":{"line":47,"column":47}},"4":{"start":{"line":54,"column":21},"end":{"line":59,"column":1}},"5":{"start":{"line":55,"column":2},"end":{"line":57,"column":3}},"6":{"start":{"line":56,"column":4},"end":{"line":56,"column":13}},"7":{"start":{"line":58,"column":2},"end":{"line":58,"column":51}},"8":{"start":{"line":60,"column":0},"end":{"line":60,"column":46}},"9":{"start":{"line":66,"column":31},"end":{"line":76,"column":1}},"10":{"start":{"line":67,"column":4},"end":{"line":67,"column":60}},"11":{"start":{"line":67,"column":35},"end":{"line":67,"column":58}},"12":{"start":{"line":78,"column":12},"end":{"line":78,"column":21}},"13":{"start":{"line":79,"column":12},"end":{"line":79,"column":21}},"14":{"start":{"line":80,"column":0},"end":{"line":80,"column":50}},"15":{"start":{"line":86,"column":21},"end":{"line":105,"column":1}},"16":{"start":{"line":95,"column":17},"end":{"line":95,"column":19}},"17":{"start":{"line":97,"column":0},"end":{"line":102,"column":1}},"18":{"start":{"line":99,"column":2},"end":{"line":101,"column":3}},"19":{"start":{"line":100,"column":4},"end":{"line":100,"column":37}},"20":{"start":{"line":103,"column":18},"end":{"line":103,"column":57}},"21":{"start":{"line":104,"column":0},"end":{"line":104,"column":34}},"22":{"start":{"line":108,"column":15},"end":{"line":108,"column":48}},"23":{"start":{"line":109,"column":0},"end":{"line":109,"column":42}},"24":{"start":{"line":130,"column":22},"end":{"line":134,"column":1}},"25":{"start":{"line":136,"column":29},"end":{"line":142,"column":6}},"26":{"start":{"line":136,"column":46},"end":{"line":142,"column":6}},"27":{"start":{"line":137,"column":14},"end":{"line":137,"column":30}},"28":{"start":{"line":138,"column":16},"end":{"line":138,"column":32}},"29":{"start":{"line":140,"column":2},"end":{"line":140,"column":20}},"30":{"start":{"line":141,"column":2},"end":{"line":141,"column":14}},"31":{"start":{"line":149,"column":15},"end":{"line":153,"column":1}},"32":{"start":{"line":155,"column":22},"end":{"line":160,"column":5}},"33":{"start":{"line":156,"column":2},"end":{"line":158,"column":3}},"34":{"start":{"line":157,"column":4},"end":{"line":157,"column":25}},"35":{"start":{"line":159,"column":2},"end":{"line":159,"column":14}},"36":{"start":{"line":161,"column":0},"end":{"line":161,"column":27}},"37":{"start":{"line":166,"column":15},"end":{"line":174,"column":1}},"38":{"start":{"line":176,"column":19},"end":{"line":179,"column":6}},"39":{"start":{"line":177,"column":2},"end":{"line":177,"column":39}},"40":{"start":{"line":178,"column":2},"end":{"line":178,"column":14}},"41":{"start":{"line":180,"column":0},"end":{"line":180,"column":24}},"42":{"start":{"line":182,"column":17},"end":{"line":191,"column":1}},"43":{"start":{"line":194,"column":18},"end":{"line":204,"column":5}},"44":{"start":{"line":195,"column":18},"end":{"line":195,"column":44}},"45":{"start":{"line":196,"column":16},"end":{"line":196,"column":46}},"46":{"start":{"line":197,"column":4},"end":{"line":201,"column":5}},"47":{"start":{"line":198,"column":8},"end":{"line":198,"column":20}},"48":{"start":{"line":200,"column":8},"end":{"line":200,"column":21}},"49":{"start":{"line":203,"column":4},"end":{"line":203,"column":22}},"50":{"start":{"line":206,"column":0},"end":{"line":206,"column":22}},"51":{"start":{"line":207,"column":0},"end":{"line":207,"column":86}}},"fnMap":{"0":{"name":"(anonymous_0)","decl":{"start":{"line":43,"column":22},"end":{"line":43,"column":23}},"loc":{"start":{"line":43,"column":34},"end":{"line":48,"column":1}},"line":43},"1":{"name":"(anonymous_1)","decl":{"start":{"line":54,"column":21},"end":{"line":54,"column":22}},"loc":{"start":{"line":54,"column":28},"end":{"line":59,"column":1}},"line":54},"2":{"name":"(anonymous_2)","decl":{"start":{"line":66,"column":31},"end":{"line":66,"column":32}},"loc":{"start":{"line":66,"column":49},"end":{"line":76,"column":1}},"line":66},"3":{"name":"(anonymous_3)","decl":{"start":{"line":67,"column":24},"end":{"line":67,"column":25}},"loc":{"start":{"line":67,"column":35},"end":{"line":67,"column":58}},"line":67},"4":{"name":"(anonymous_4)","decl":{"start":{"line":86,"column":21},"end":{"line":86,"column":22}},"loc":{"start":{"line":86,"column":31},"end":{"line":105,"column":1}},"line":86},"5":{"name":"(anonymous_5)","decl":{"start":{"line":136,"column":29},"end":{"line":136,"column":30}},"loc":{"start":{"line":136,"column":46},"end":{"line":142,"column":6}},"line":136},"6":{"name":"(anonymous_6)","decl":{"start":{"line":136,"column":67},"end":{"line":136,"column":68}},"loc":{"start":{"line":136,"column":92},"end":{"line":142,"column":1}},"line":136},"7":{"name":"(anonymous_7)","decl":{"start":{"line":155,"column":36},"end":{"line":155,"column":37}},"loc":{"start":{"line":155,"column":54},"end":{"line":160,"column":1}},"line":155},"8":{"name":"(anonymous_8)","decl":{"start":{"line":176,"column":33},"end":{"line":176,"column":34}},"loc":{"start":{"line":176,"column":50},"end":{"line":179,"column":1}},"line":176},"9":{"name":"(anonymous_9)","decl":{"start":{"line":194,"column":34},"end":{"line":194,"column":35}},"loc":{"start":{"line":194,"column":65},"end":{"line":204,"column":1}},"line":194}},"branchMap":{"0":{"loc":{"start":{"line":44,"column":2},"end":{"line":46,"column":3}},"type":"if","locations":[{"start":{"line":44,"column":2},"end":{"line":46,"column":3}},{"start":{},"end":{}}],"line":44},"1":{"loc":{"start":{"line":55,"column":2},"end":{"line":57,"column":3}},"type":"if","locations":[{"start":{"line":55,"column":2},"end":{"line":57,"column":3}},{"start":{},"end":{}}],"line":55},"2":{"loc":{"start":{"line":99,"column":2},"end":{"line":101,"column":3}},"type":"if","locations":[{"start":{"line":99,"column":2},"end":{"line":101,"column":3}},{"start":{},"end":{}}],"line":99},"3":{"loc":{"start":{"line":99,"column":6},"end":{"line":99,"column":98}},"type":"binary-expr","locations":[{"start":{"line":99,"column":7},"end":{"line":99,"column":18}},{"start":{"line":99,"column":22},"end":{"line":99,"column":33}},{"start":{"line":99,"column":39},"end":{"line":99,"column":50}},{"start":{"line":99,"column":54},"end":{"line":99,"column":65}},{"start":{"line":99,"column":71},"end":{"line":99,"column":82}},{"start":{"line":99,"column":86},"end":{"line":99,"column":97}}],"line":99},"4":{"loc":{"start":{"line":156,"column":2},"end":{"line":158,"column":3}},"type":"if","locations":[{"start":{"line":156,"column":2},"end":{"line":158,"column":3}},{"start":{},"end":{}}],"line":156},"5":{"loc":{"start":{"line":177,"column":17},"end":{"line":177,"column":33}},"type":"binary-expr","locations":[{"start":{"line":177,"column":17},"end":{"line":177,"column":28}},{"start":{"line":177,"column":32},"end":{"line":177,"column":33}}],"line":177},"6":{"loc":{"start":{"line":197,"column":4},"end":{"line":201,"column":5}},"type":"if","locations":[{"start":{"line":197,"column":4},"end":{"line":201,"column":5}},{"start":{"line":199,"column":11},"end":{"line":201,"column":5}}],"line":197}},"s":{"0":1,"1":1,"2":0,"3":1,"4":1,"5":9,"6":5,"7":4,"8":1,"9":1,"10":1,"11":3,"12":1,"13":1,"14":1,"15":1,"16":6,"17":6,"18":73,"19":57,"20":6,"21":6,"22":1,"23":1,"24":1,"25":1,"26":2,"27":3,"28":3,"29":3,"30":3,"31":1,"32":1,"33":3,"34":2,"35":1,"36":1,"37":1,"38":1,"39":7,"40":7,"41":1,"42":1,"43":1,"44":3,"45":3,"46":3,"47":1,"48":2,"49":3,"50":1,"51":1},"f":{"0":1,"1":9,"2":1,"3":3,"4":6,"5":2,"6":3,"7":3,"8":7,"9":3},"b":{"0":[0,1],"1":[5,4],"2":[57,16],"3":[73,48,25,4,21,5],"4":[2,1],"5":[7,4],"6":[1,2]},"_coverageSchema":"1a1c01bbd47fc00a2c39e90264f33305004495a9","hash":"7d6d4de2b3032b40b6a013279c7caea36f538c68"}
}
