TN:
SF:questions.js
FN:43,(anonymous_0)
FN:54,(anonymous_1)
FN:66,(anonymous_2)
FN:67,(anonymous_3)
FN:86,(anonymous_4)
FN:136,(anonymous_5)
FN:136,(anonymous_6)
FN:155,(anonymous_7)
FN:176,(anonymous_8)
FN:194,(anonymous_9)
FNF:10
FNH:10
FNDA:1,(anonymous_0)
FNDA:9,(anonymous_1)
FNDA:1,(anonymous_2)
FNDA:3,(anonymous_3)
FNDA:6,(anonymous_4)
FNDA:2,(anonymous_5)
FNDA:3,(anonymous_6)
FNDA:3,(anonymous_7)
FNDA:7,(anonymous_8)
FNDA:3,(anonymous_9)
DA:43,1
DA:44,1
DA:45,0
DA:47,1
DA:54,1
DA:55,9
DA:56,5
DA:58,4
DA:60,1
DA:66,1
DA:67,3
DA:78,1
DA:79,1
DA:80,1
DA:86,1
DA:95,6
DA:97,6
DA:99,73
DA:100,57
DA:103,6
DA:104,6
DA:108,1
DA:109,1
DA:130,1
DA:136,2
DA:137,3
DA:138,3
DA:140,3
DA:141,3
DA:149,1
DA:155,1
DA:156,3
DA:157,2
DA:159,1
DA:161,1
DA:166,1
DA:176,1
DA:177,7
DA:178,7
DA:180,1
DA:182,1
DA:194,1
DA:195,3
DA:196,3
DA:197,3
DA:198,1
DA:200,2
DA:203,3
DA:206,1
DA:207,1
LF:50
LH:49
BRDA:44,0,0,0
BRDA:44,0,1,1
BRDA:55,1,0,5
BRDA:55,1,1,4
BRDA:99,2,0,57
BRDA:99,2,1,16
BRDA:99,3,0,73
BRDA:99,3,1,48
BRDA:99,3,2,25
BRDA:99,3,3,4
BRDA:99,3,4,21
BRDA:99,3,5,5
BRDA:156,4,0,2
BRDA:156,4,1,1
BRDA:177,5,0,7
BRDA:177,5,1,4
BRDA:197,6,0,1
BRDA:197,6,1,2
BRF:18
BRH:17
end_of_record
